 
****************************************
Report : area
Design : SME
Version: T-2022.03
Date   : Sat Jul 29 15:49:12 2023
****************************************

Library(s) Used:

    slow (File: /home/nfs_cad/lib/CBDK_IC_Contest_v2.1/SynopsysDC/db/slow.db)

Number of ports:                           46
Number of nets:                          3028
Number of cells:                         2728
Number of combinational cells:           2364
Number of sequential cells:               361
Number of macros/black boxes:               0
Number of buf/inv:                        305
Number of references:                     109

Combinational area:              20601.344133
Buf/Inv area:                     2006.326780
Noncombinational area:           12149.988932
Macro/Black Box area:                0.000000
Net Interconnect area:          417668.778625

Total cell area:                 32751.333065
Total area:                     450420.111690
1
